TN:
SF:src\cli.ts
FN:28,(anonymous_1)
FN:43,(anonymous_2)
FN:49,(anonymous_3)
FN:71,(anonymous_4)
FN:77,(anonymous_5)
FN:87,(anonymous_6)
FN:90,(anonymous_7)
FN:97,(anonymous_8)
FN:106,(anonymous_9)
FN:117,(anonymous_10)
FN:122,(anonymous_11)
FN:130,(anonymous_12)
FN:161,(anonymous_13)
FN:177,(anonymous_14)
FN:235,(anonymous_15)
FN:322,main
FN:413,(anonymous_17)
FNF:17
FNH:0
FNDA:0,(anonymous_1)
FNDA:0,(anonymous_2)
FNDA:0,(anonymous_3)
FNDA:0,(anonymous_4)
FNDA:0,(anonymous_5)
FNDA:0,(anonymous_6)
FNDA:0,(anonymous_7)
FNDA:0,(anonymous_8)
FNDA:0,(anonymous_9)
FNDA:0,(anonymous_10)
FNDA:0,(anonymous_11)
FNDA:0,(anonymous_12)
FNDA:0,(anonymous_13)
FNDA:0,(anonymous_14)
FNDA:0,(anonymous_15)
FNDA:0,main
FNDA:0,(anonymous_17)
DA:4,1
DA:5,1
DA:7,1
DA:8,1
DA:10,1
DA:12,1
DA:15,1
DA:18,0
DA:19,0
DA:26,0
DA:29,0
DA:38,0
DA:39,0
DA:40,0
DA:44,0
DA:45,0
DA:50,0
DA:52,0
DA:53,0
DA:54,0
DA:55,0
DA:58,0
DA:59,0
DA:60,0
DA:62,0
DA:63,0
DA:65,0
DA:66,0
DA:67,0
DA:72,0
DA:73,0
DA:74,0
DA:78,0
DA:88,0
DA:90,0
DA:91,0
DA:92,0
DA:93,0
DA:97,0
DA:98,0
DA:99,0
DA:101,0
DA:102,0
DA:106,0
DA:107,0
DA:108,0
DA:109,0
DA:111,0
DA:112,0
DA:113,0
DA:117,0
DA:118,0
DA:119,0
DA:122,0
DA:123,0
DA:124,0
DA:131,0
DA:133,0
DA:134,0
DA:138,0
DA:140,0
DA:144,0
DA:150,0
DA:153,0
DA:162,0
DA:163,0
DA:166,0
DA:168,0
DA:169,0
DA:170,0
DA:174,0
DA:178,0
DA:179,0
DA:182,0
DA:183,0
DA:186,0
DA:187,0
DA:189,0
DA:190,0
DA:193,0
DA:195,0
DA:197,0
DA:201,0
DA:205,0
DA:212,0
DA:213,0
DA:217,0
DA:220,0
DA:221,0
DA:222,0
DA:223,0
DA:224,0
DA:225,0
DA:235,0
DA:236,0
DA:240,0
DA:246,0
DA:247,0
DA:248,0
DA:251,0
DA:256,0
DA:257,0
DA:258,0
DA:259,0
DA:260,0
DA:261,0
DA:264,0
DA:265,0
DA:266,0
DA:270,0
DA:273,0
DA:274,0
DA:281,0
DA:288,0
DA:294,0
DA:296,0
DA:298,0
DA:304,0
DA:305,0
DA:308,0
DA:309,0
DA:312,0
DA:326,0
DA:329,0
DA:331,0
DA:333,0
DA:334,0
DA:340,0
DA:341,0
DA:345,0
DA:348,0
DA:349,0
DA:352,0
DA:353,0
DA:356,0
DA:360,0
DA:361,0
DA:362,0
DA:363,0
DA:364,0
DA:368,0
DA:369,0
DA:370,0
DA:371,0
DA:373,0
DA:387,0
DA:389,0
DA:390,0
DA:393,0
DA:395,0
DA:396,0
DA:399,0
DA:400,0
DA:402,0
DA:403,0
DA:405,0
DA:406,0
DA:412,1
DA:413,0
DA:414,0
DA:415,0
LF:161
LH:8
BRDA:36,0,0,0
BRDA:39,1,0,0
BRDA:39,1,1,0
BRDA:40,2,0,0
BRDA:40,2,1,0
BRDA:44,3,0,0
BRDA:53,4,0,0
BRDA:65,5,0,0
BRDA:65,5,1,0
BRDA:91,6,0,0
BRDA:101,7,0,0
BRDA:108,8,0,0
BRDA:112,9,0,0
BRDA:112,10,0,0
BRDA:112,10,1,0
BRDA:125,11,0,0
BRDA:125,11,1,0
BRDA:156,12,0,0
BRDA:156,12,1,0
BRDA:162,13,0,0
BRDA:169,14,0,0
BRDA:178,15,0,0
BRDA:186,16,0,0
BRDA:189,17,0,0
BRDA:202,18,0,0
BRDA:202,18,1,0
BRDA:212,19,0,0
BRDA:220,20,0,0
BRDA:224,21,0,0
BRDA:256,22,0,0
BRDA:273,23,0,0
BRDA:296,24,0,0
BRDA:296,24,1,0
BRDA:304,25,0,0
BRDA:308,26,0,0
BRDA:331,27,0,0
BRDA:331,27,1,0
BRDA:340,28,0,0
BRDA:360,29,0,0
BRDA:389,30,0,0
BRDA:395,31,0,0
BRDA:402,32,0,0
BRDA:405,33,0,0
BRDA:412,34,0,0
BRF:44
BRH:0
end_of_record
TN:
SF:src\index.ts
FNF:0
FNH:0
DA:2,1
DA:3,1
DA:4,1
DA:5,1
DA:6,1
DA:7,1
DA:8,1
DA:9,1
DA:10,1
LF:9
LH:9
BRF:0
BRH:0
end_of_record
TN:
SF:src\register.ts
FNF:0
FNH:0
DA:2,1
DA:3,1
DA:6,1
LF:3
LH:3
BRF:0
BRH:0
end_of_record
TN:
SF:src\config\ConfigManager.ts
FN:19,(anonymous_0)
FN:23,(anonymous_1)
FN:27,(anonymous_2)
FN:64,(anonymous_3)
FN:94,(anonymous_4)
FN:99,(anonymous_5)
FN:103,(anonymous_6)
FN:108,(anonymous_7)
FN:130,(anonymous_8)
FN:142,(anonymous_9)
FN:151,(anonymous_10)
FN:157,(anonymous_11)
FN:162,(anonymous_12)
FN:169,(anonymous_13)
FN:186,(anonymous_14)
FN:239,(anonymous_15)
FN:283,(anonymous_16)
FN:300,(anonymous_17)
FN:316,(anonymous_18)
FN:320,(anonymous_19)
FN:324,(anonymous_20)
FN:328,(anonymous_21)
FN:332,(anonymous_22)
FN:336,(anonymous_23)
FN:340,(anonymous_24)
FN:344,(anonymous_25)
FN:348,(anonymous_26)
FN:370,(anonymous_27)
FN:382,(anonymous_28)
FN:448,(anonymous_29)
FN:481,(anonymous_30)
FN:497,(anonymous_31)
FNF:32
FNH:0
FNDA:0,(anonymous_0)
FNDA:0,(anonymous_1)
FNDA:0,(anonymous_2)
FNDA:0,(anonymous_3)
FNDA:0,(anonymous_4)
FNDA:0,(anonymous_5)
FNDA:0,(anonymous_6)
FNDA:0,(anonymous_7)
FNDA:0,(anonymous_8)
FNDA:0,(anonymous_9)
FNDA:0,(anonymous_10)
FNDA:0,(anonymous_11)
FNDA:0,(anonymous_12)
FNDA:0,(anonymous_13)
FNDA:0,(anonymous_14)
FNDA:0,(anonymous_15)
FNDA:0,(anonymous_16)
FNDA:0,(anonymous_17)
FNDA:0,(anonymous_18)
FNDA:0,(anonymous_19)
FNDA:0,(anonymous_20)
FNDA:0,(anonymous_21)
FNDA:0,(anonymous_22)
FNDA:0,(anonymous_23)
FNDA:0,(anonymous_24)
FNDA:0,(anonymous_25)
FNDA:0,(anonymous_26)
FNDA:0,(anonymous_27)
FNDA:0,(anonymous_28)
FNDA:0,(anonymous_29)
FNDA:0,(anonymous_30)
FNDA:0,(anonymous_31)
DA:3,1
DA:4,1
DA:15,1
DA:20,0
DA:24,0
DA:28,0
DA:32,1
DA:49,1
DA:57,0
DA:66,0
DA:69,0
DA:70,0
DA:72,0
DA:73,0
DA:79,0
DA:80,0
DA:81,0
DA:82,0
DA:86,0
DA:87,0
DA:89,0
DA:90,0
DA:95,0
DA:96,0
DA:100,0
DA:104,0
DA:105,0
DA:109,0
DA:111,0
DA:112,0
DA:113,0
DA:115,0
DA:116,0
DA:119,0
DA:121,0
DA:131,0
DA:133,0
DA:134,0
DA:135,0
DA:138,0
DA:139,0
DA:143,0
DA:152,0
DA:153,0
DA:158,0
DA:159,0
DA:163,0
DA:165,0
DA:166,0
DA:169,0
DA:170,0
DA:171,0
DA:172,0
DA:173,0
DA:174,0
DA:177,0
DA:187,0
DA:189,0
DA:191,0
DA:192,0
DA:193,0
DA:196,0
DA:197,0
DA:199,0
DA:202,0
DA:207,0
DA:208,0
DA:209,0
DA:215,0
DA:216,0
DA:218,0
DA:219,0
DA:221,0
DA:229,0
DA:230,0
DA:242,0
DA:244,0
DA:245,0
DA:250,0
DA:251,0
DA:252,0
DA:257,0
DA:258,0
DA:260,0
DA:261,0
DA:263,0
DA:265,0
DA:272,0
DA:274,0
DA:284,0
DA:286,0
DA:287,0
DA:288,0
DA:289,0
DA:291,0
DA:301,0
DA:303,0
DA:304,0
DA:305,0
DA:306,0
DA:308,0
DA:317,0
DA:321,0
DA:325,0
DA:329,0
DA:333,0
DA:337,0
DA:341,0
DA:345,0
DA:349,0
DA:359,0
DA:360,0
DA:361,0
DA:367,0
DA:371,0
DA:373,0
DA:374,0
DA:375,0
DA:379,0
DA:385,0
DA:387,0
DA:393,0
DA:395,0
DA:400,0
DA:401,0
DA:405,0
DA:406,0
DA:410,0
DA:411,0
DA:412,0
DA:413,0
DA:414,0
DA:415,0
DA:420,0
DA:421,0
DA:425,0
DA:426,0
DA:427,0
DA:428,0
DA:434,0
DA:437,0
DA:441,0
DA:442,0
DA:445,0
DA:452,0
DA:462,0
DA:463,0
DA:464,0
DA:465,0
DA:468,0
DA:469,0
DA:472,0
DA:475,0
DA:476,0
DA:477,0
DA:485,0
DA:486,0
DA:487,0
DA:488,0
DA:491,0
DA:497,0
DA:498,0
DA:502,0
DA:503,0
DA:507,0
DA:511,0
DA:514,0
DA:519,1
LF:168
LH:6
BRDA:67,0,0,0
BRDA:72,1,0,0
BRDA:72,2,0,0
BRDA:72,2,1,0
BRDA:80,3,0,0
BRDA:80,3,1,0
BRDA:81,4,0,0
BRDA:81,4,1,0
BRDA:83,5,0,0
BRDA:83,5,1,0
BRDA:115,6,0,0
BRDA:123,7,0,0
BRDA:123,7,1,0
BRDA:133,8,0,0
BRDA:152,9,0,0
BRDA:165,10,0,0
BRDA:172,11,0,0
BRDA:179,12,0,0
BRDA:179,12,1,0
BRDA:186,13,0,0
BRDA:187,14,0,0
BRDA:187,14,1,0
BRDA:192,15,0,0
BRDA:192,15,1,0
BRDA:208,16,0,0
BRDA:232,17,0,0
BRDA:232,17,1,0
BRDA:251,18,0,0
BRDA:276,19,0,0
BRDA:276,19,1,0
BRDA:293,20,0,0
BRDA:293,20,1,0
BRDA:360,21,0,0
BRDA:371,22,0,0
BRDA:374,23,0,0
BRDA:400,24,0,0
BRDA:405,25,0,0
BRDA:410,26,0,0
BRDA:411,27,0,0
BRDA:411,27,1,0
BRDA:411,28,0,0
BRDA:411,28,1,0
BRDA:414,29,0,0
BRDA:420,30,0,0
BRDA:421,31,0,0
BRDA:421,31,1,0
BRDA:422,32,0,0
BRDA:422,32,1,0
BRDA:427,33,0,0
BRDA:435,34,0,0
BRDA:435,34,1,0
BRDA:441,35,0,0
BRDA:462,36,0,0
BRDA:468,37,0,0
BRDA:475,38,0,0
BRDA:485,39,0,0
BRDA:498,40,0,0
BRDA:499,41,0,0
BRDA:499,41,1,0
BRDA:507,42,0,0
BRDA:508,43,0,0
BRDA:508,43,1,0
BRF:62
BRH:0
end_of_record
TN:
SF:src\config\index.ts
FNF:0
FNH:0
DA:1,1
DA:2,1
DA:3,1
LF:3
LH:3
BRF:0
BRH:0
end_of_record
TN:
SF:src\config\validators\ConfigValidator.ts
FN:12,(anonymous_0)
FN:15,(anonymous_1)
FN:30,(anonymous_2)
FN:42,(anonymous_3)
FN:78,(anonymous_4)
FN:89,(anonymous_5)
FN:112,(anonymous_6)
FN:125,(anonymous_7)
FN:138,(anonymous_8)
FN:150,(anonymous_9)
FN:160,(anonymous_10)
FNF:11
FNH:0
FNDA:0,(anonymous_0)
FNDA:0,(anonymous_1)
FNDA:0,(anonymous_2)
FNDA:0,(anonymous_3)
FNDA:0,(anonymous_4)
FNDA:0,(anonymous_5)
FNDA:0,(anonymous_6)
FNDA:0,(anonymous_7)
FNDA:0,(anonymous_8)
FNDA:0,(anonymous_9)
FNDA:0,(anonymous_10)
DA:1,1
DA:11,1
DA:14,0
DA:15,0
DA:17,0
DA:18,0
DA:24,0
DA:25,0
DA:26,0
DA:27,0
DA:31,0
DA:35,0
DA:43,0
DA:53,0
DA:54,0
DA:57,0
DA:58,0
DA:64,0
DA:68,0
DA:79,0
DA:80,0
DA:83,0
DA:89,0
DA:90,0
DA:94,0
DA:101,0
DA:105,0
DA:113,0
DA:114,0
DA:117,0
DA:125,0
DA:126,0
DA:130,0
DA:139,0
DA:140,0
DA:143,0
DA:144,0
DA:150,0
DA:151,0
DA:152,0
DA:161,0
DA:167,0
DA:168,0
DA:170,0
DA:171,0
DA:172,0
DA:173,0
DA:174,0
DA:177,0
DA:184,0
DA:185,0
DA:188,0
DA:189,0
DA:192,0
LF:54
LH:2
BRDA:17,0,0,0
BRDA:31,1,0,0
BRDA:32,2,0,0
BRDA:32,2,1,0
BRDA:32,2,2,0
BRDA:53,3,0,0
BRDA:57,4,0,0
BRDA:64,5,0,0
BRDA:65,6,0,0
BRDA:65,6,1,0
BRDA:79,7,0,0
BRDA:90,8,0,0
BRDA:91,9,0,0
BRDA:91,9,1,0
BRDA:101,10,0,0
BRDA:102,11,0,0
BRDA:102,11,1,0
BRDA:113,12,0,0
BRDA:126,13,0,0
BRDA:127,14,0,0
BRDA:127,14,1,0
BRDA:139,15,0,0
BRDA:143,16,0,0
BRDA:151,17,0,0
BRDA:171,18,0,0
BRDA:171,18,1,0
BRDA:173,19,0,0
BRDA:178,20,0,0
BRDA:178,20,1,0
BRDA:184,21,0,0
BRDA:184,22,0,0
BRDA:184,22,1,0
BRDA:188,23,0,0
BRDA:188,24,0,0
BRDA:188,24,1,0
BRF:35
BRH:0
end_of_record
TN:
SF:src\container\Container.ts
FN:19,(anonymous_0)
FN:24,(anonymous_1)
FN:31,(anonymous_2)
FN:37,(anonymous_3)
FN:70,(anonymous_4)
FN:100,(anonymous_5)
FN:105,(anonymous_6)
FN:122,(anonymous_7)
FN:132,(anonymous_8)
FN:158,(anonymous_9)
FN:202,(anonymous_10)
FN:206,(anonymous_11)
FNF:12
FNH:0
FNDA:0,(anonymous_0)
FNDA:0,(anonymous_1)
FNDA:0,(anonymous_2)
FNDA:0,(anonymous_3)
FNDA:0,(anonymous_4)
FNDA:0,(anonymous_5)
FNDA:0,(anonymous_6)
FNDA:0,(anonymous_7)
FNDA:0,(anonymous_8)
FNDA:0,(anonymous_9)
FNDA:0,(anonymous_10)
FNDA:0,(anonymous_11)
DA:3,1
DA:4,1
DA:13,1
DA:15,0
DA:16,0
DA:20,0
DA:21,0
DA:25,0
DA:26,0
DA:28,0
DA:32,0
DA:33,0
DA:38,0
DA:40,0
DA:41,0
DA:42,0
DA:43,0
DA:46,0
DA:48,0
DA:49,0
DA:50,0
DA:51,0
DA:52,0
DA:53,0
DA:55,0
DA:62,0
DA:63,0
DA:64,0
DA:66,0
DA:71,0
DA:73,0
DA:74,0
DA:76,0
DA:77,0
DA:78,0
DA:79,0
DA:80,0
DA:81,0
DA:83,0
DA:90,0
DA:91,0
DA:93,0
DA:94,0
DA:96,0
DA:101,0
DA:102,0
DA:109,0
DA:111,0
DA:112,0
DA:115,0
DA:116,0
DA:117,0
DA:120,0
DA:122,0
DA:126,0
DA:136,0
DA:138,0
DA:139,0
DA:142,0
DA:143,0
DA:146,0
DA:147,0
DA:152,0
DA:159,0
DA:160,0
DA:163,0
DA:165,0
DA:166,0
DA:168,0
DA:169,0
DA:172,0
DA:173,0
DA:174,0
DA:175,0
DA:176,0
DA:180,0
DA:183,0
DA:188,0
DA:190,0
DA:196,0
DA:203,0
DA:207,0
DA:208,0
DA:212,1
LF:84
LH:4
BRDA:19,0,0,0
BRDA:24,1,0,0
BRDA:25,2,0,0
BRDA:32,3,0,0
BRDA:41,4,0,0
BRDA:50,5,0,0
BRDA:50,6,0,0
BRDA:50,6,1,0
BRDA:56,7,0,0
BRDA:56,7,1,0
BRDA:78,8,0,0
BRDA:78,9,0,0
BRDA:78,9,1,0
BRDA:84,10,0,0
BRDA:84,10,1,0
BRDA:101,11,0,0
BRDA:101,11,1,0
BRDA:111,12,0,0
BRDA:116,13,0,0
BRDA:138,14,0,0
BRDA:142,15,0,0
BRDA:142,16,0,0
BRDA:142,16,1,0
BRDA:159,17,0,0
BRDA:159,18,0,0
BRDA:159,18,1,0
BRDA:168,19,0,0
BRDA:173,20,0,0
BRDA:175,21,0,0
BRDA:192,22,0,0
BRDA:192,22,1,0
BRDA:197,23,0,0
BRDA:197,23,1,0
BRF:33
BRH:0
end_of_record
TN:
SF:src\container\ContainerConfig.ts
FN:33,configureContainer
FN:41,(anonymous_1)
FN:60,(anonymous_2)
FN:70,(anonymous_3)
FN:78,(anonymous_4)
FN:88,(anonymous_5)
FN:112,(anonymous_6)
FN:130,(anonymous_7)
FN:150,(anonymous_8)
FN:167,(anonymous_9)
FN:188,(anonymous_10)
FN:209,(anonymous_11)
FN:225,(anonymous_12)
FN:235,(anonymous_13)
FN:268,initializeContainer
FN:284,cleanupContainer
FNF:16
FNH:0
FNDA:0,configureContainer
FNDA:0,(anonymous_1)
FNDA:0,(anonymous_2)
FNDA:0,(anonymous_3)
FNDA:0,(anonymous_4)
FNDA:0,(anonymous_5)
FNDA:0,(anonymous_6)
FNDA:0,(anonymous_7)
FNDA:0,(anonymous_8)
FNDA:0,(anonymous_9)
FNDA:0,(anonymous_10)
FNDA:0,(anonymous_11)
FNDA:0,(anonymous_12)
FNDA:0,(anonymous_13)
FNDA:0,initializeContainer
FNDA:0,cleanupContainer
DA:3,1
DA:4,1
DA:5,1
DA:6,1
DA:7,1
DA:8,1
DA:9,1
DA:10,1
DA:11,1
DA:12,1
DA:13,1
DA:14,1
DA:28,1
DA:29,1
DA:31,1
DA:33,1
DA:37,0
DA:39,0
DA:41,0
DA:42,0
DA:55,0
DA:56,0
DA:57,0
DA:60,0
DA:61,0
DA:64,0
DA:67,0
DA:70,0
DA:71,0
DA:74,0
DA:75,0
DA:78,0
DA:79,0
DA:82,0
DA:85,0
DA:88,0
DA:89,0
DA:106,0
DA:109,0
DA:112,0
DA:113,0
DA:124,0
DA:127,0
DA:130,0
DA:131,0
DA:144,0
DA:147,0
DA:150,0
DA:151,0
DA:161,0
DA:164,0
DA:167,0
DA:168,0
DA:182,0
DA:185,0
DA:188,0
DA:189,0
DA:203,0
DA:206,0
DA:209,0
DA:210,0
DA:220,0
DA:223,0
DA:225,0
DA:226,0
DA:229,0
DA:232,0
DA:235,0
DA:236,0
DA:254,0
DA:255,0
DA:258,0
DA:260,0
DA:261,0
DA:263,0
DA:264,0
DA:268,1
DA:271,0
DA:273,0
DA:274,0
DA:275,0
DA:276,0
DA:278,0
DA:279,0
DA:280,0
DA:284,1
DA:285,0
DA:286,0
DA:287,0
DA:288,0
DA:289,0
DA:291,0
DA:292,0
DA:293,0
LF:94
LH:18
BRDA:35,0,0,0
BRDA:50,1,0,0
BRDA:50,1,1,0
BRDA:98,2,0,0
BRDA:98,2,1,0
BRDA:263,3,0,0
BRDA:263,3,1,0
BRDA:278,4,0,0
BRDA:278,4,1,0
BRDA:291,5,0,0
BRDA:291,5,1,0
BRF:11
BRH:0
end_of_record
TN:
SF:src\core\compiler\ArgumentParser.ts
FN:19,(anonymous_1)
FN:29,(anonymous_2)
FN:34,(anonymous_3)
FN:39,(anonymous_4)
FN:45,(anonymous_5)
FN:202,(anonymous_6)
FN:213,(anonymous_7)
FN:214,(anonymous_8)
FN:221,(anonymous_9)
FN:235,(anonymous_10)
FN:267,(anonymous_11)
FN:360,(anonymous_12)
FN:375,(anonymous_13)
FN:396,(anonymous_14)
FN:411,(anonymous_15)
FN:422,(anonymous_16)
FN:439,(anonymous_17)
FN:440,(anonymous_18)
FN:450,(anonymous_19)
FNF:19
FNH:0
FNDA:0,(anonymous_1)
FNDA:0,(anonymous_2)
FNDA:0,(anonymous_3)
FNDA:0,(anonymous_4)
FNDA:0,(anonymous_5)
FNDA:0,(anonymous_6)
FNDA:0,(anonymous_7)
FNDA:0,(anonymous_8)
FNDA:0,(anonymous_9)
FNDA:0,(anonymous_10)
FNDA:0,(anonymous_11)
FNDA:0,(anonymous_12)
FNDA:0,(anonymous_13)
FNDA:0,(anonymous_14)
FNDA:0,(anonymous_15)
FNDA:0,(anonymous_16)
FNDA:0,(anonymous_17)
FNDA:0,(anonymous_18)
FNDA:0,(anonymous_19)
DA:3,1
DA:10,1
DA:12,1
DA:14,1
DA:20,0
DA:23,0
DA:24,0
DA:25,0
DA:26,0
DA:30,0
DA:31,0
DA:35,0
DA:36,0
DA:40,0
DA:41,0
DA:49,0
DA:50,0
DA:52,0
DA:53,0
DA:54,0
DA:58,0
DA:59,0
DA:60,0
DA:63,0
DA:64,0
DA:66,0
DA:69,0
DA:70,0
DA:71,0
DA:73,0
DA:77,0
DA:81,0
DA:82,0
DA:83,0
DA:85,0
DA:86,0
DA:90,0
DA:91,0
DA:92,0
DA:94,0
DA:95,0
DA:98,0
DA:99,0
DA:100,0
DA:102,0
DA:106,0
DA:107,0
DA:108,0
DA:110,0
DA:111,0
DA:115,0
DA:116,0
DA:117,0
DA:119,0
DA:123,0
DA:124,0
DA:126,0
DA:127,0
DA:130,0
DA:131,0
DA:132,0
DA:134,0
DA:138,0
DA:139,0
DA:141,0
DA:142,0
DA:145,0
DA:146,0
DA:149,0
DA:150,0
DA:153,0
DA:154,0
DA:157,0
DA:158,0
DA:161,0
DA:162,0
DA:165,0
DA:166,0
DA:169,0
DA:170,0
DA:173,0
DA:174,0
DA:180,0
DA:185,0
DA:191,0
DA:192,0
DA:194,0
DA:203,0
DA:209,0
DA:211,0
DA:213,0
DA:214,0
DA:216,0
DA:217,0
DA:221,0
DA:222,0
DA:223,0
DA:227,0
DA:228,0
DA:232,0
DA:236,0
DA:238,0
DA:239,0
DA:242,0
DA:243,0
DA:244,0
DA:248,0
DA:249,0
DA:250,0
DA:251,0
DA:252,0
DA:253,0
DA:255,0
DA:264,0
DA:268,0
DA:270,0
DA:272,0
DA:273,0
DA:275,0
DA:278,0
DA:279,0
DA:280,0
DA:284,0
DA:285,0
DA:286,0
DA:289,0
DA:290,0
DA:294,0
DA:295,0
DA:296,0
DA:298,0
DA:299,0
DA:303,0
DA:304,0
DA:308,0
DA:309,0
DA:311,0
DA:312,0
DA:315,0
DA:316,0
DA:320,0
DA:321,0
DA:323,0
DA:324,0
DA:327,0
DA:328,0
DA:329,0
DA:330,0
DA:333,0
DA:334,0
DA:335,0
DA:336,0
DA:339,0
DA:340,0
DA:343,0
DA:344,0
DA:347,0
DA:348,0
DA:351,0
DA:352,0
DA:357,0
DA:361,0
DA:363,0
DA:365,0
DA:366,0
DA:367,0
DA:372,0
DA:376,0
DA:378,0
DA:380,0
DA:381,0
DA:382,0
DA:385,0
DA:386,0
DA:389,0
DA:390,0
DA:393,0
DA:397,0
DA:408,0
DA:412,0
DA:414,0
DA:415,0
DA:416,0
DA:417,0
DA:419,0
DA:423,0
DA:425,0
DA:426,0
DA:427,0
DA:429,0
DA:430,0
DA:431,0
DA:432,0
DA:434,0
DA:436,0
DA:440,0
DA:441,0
DA:444,0
DA:445,0
DA:446,0
DA:451,0
DA:480,0
LF:202
LH:4
BRDA:21,0,0,0
BRDA:24,1,0,0
BRDA:24,1,1,0
BRDA:25,2,0,0
BRDA:25,2,1,0
BRDA:26,3,0,0
BRDA:26,3,1,0
BRDA:40,4,0,0
BRDA:47,5,0,0
BRDA:53,6,0,0
BRDA:53,7,0,0
BRDA:53,7,1,0
BRDA:66,8,0,0
BRDA:66,8,1,0
BRDA:66,8,2,0
BRDA:66,8,3,0
BRDA:66,8,4,0
BRDA:66,8,5,0
BRDA:66,8,6,0
BRDA:66,8,7,0
BRDA:66,8,8,0
BRDA:66,8,9,0
BRDA:66,8,10,0
BRDA:66,8,11,0
BRDA:66,8,12,0
BRDA:66,8,13,0
BRDA:66,8,14,0
BRDA:66,8,15,0
BRDA:70,9,0,0
BRDA:82,10,0,0
BRDA:91,11,0,0
BRDA:99,12,0,0
BRDA:107,13,0,0
BRDA:107,14,0,0
BRDA:107,14,1,0
BRDA:116,15,0,0
BRDA:123,16,0,0
BRDA:131,17,0,0
BRDA:138,18,0,0
BRDA:149,19,0,0
BRDA:149,19,1,0
BRDA:157,20,0,0
BRDA:157,20,1,0
BRDA:173,21,0,0
BRDA:180,22,0,0
BRDA:180,22,1,0
BRDA:196,23,0,0
BRDA:196,23,1,0
BRDA:205,24,0,0
BRDA:205,24,1,0
BRDA:216,25,0,0
BRDA:223,26,0,0
BRDA:223,26,1,0
BRDA:227,27,0,0
BRDA:235,28,0,0
BRDA:238,29,0,0
BRDA:243,30,0,0
BRDA:243,31,0,0
BRDA:243,31,1,0
BRDA:248,32,0,0
BRDA:250,33,0,0
BRDA:257,34,0,0
BRDA:257,34,1,0
BRDA:275,35,0,0
BRDA:275,35,1,0
BRDA:275,35,2,0
BRDA:275,35,3,0
BRDA:275,35,4,0
BRDA:275,35,5,0
BRDA:275,35,6,0
BRDA:275,35,7,0
BRDA:275,35,8,0
BRDA:275,35,9,0
BRDA:275,35,10,0
BRDA:275,35,11,0
BRDA:275,35,12,0
BRDA:275,35,13,0
BRDA:295,36,0,0
BRDA:295,37,0,0
BRDA:295,37,1,0
BRDA:308,38,0,0
BRDA:320,39,0,0
BRDA:329,40,0,0
BRDA:329,40,1,0
BRDA:335,41,0,0
BRDA:335,41,1,0
BRDA:351,42,0,0
BRDA:366,43,0,0
BRDA:381,44,0,0
BRDA:385,45,0,0
BRDA:389,46,0,0
BRDA:416,47,0,0
BRDA:427,48,0,0
BRDA:430,49,0,0
BRDA:444,50,0,0
BRF:95
BRH:0
end_of_record
TN:
SF:src\core\compiler\CompileContext.ts
FN:54,(anonymous_1)
FN:83,(anonymous_2)
FN:107,(anonymous_3)
FN:119,(anonymous_4)
FN:125,(anonymous_5)
FN:132,(anonymous_6)
FN:138,(anonymous_7)
FN:153,(anonymous_8)
FN:168,(anonymous_9)
FN:205,(anonymous_10)
FN:221,(anonymous_11)
FN:231,(anonymous_12)
FN:249,(anonymous_13)
FN:256,(anonymous_14)
FN:274,(anonymous_15)
FN:289,(anonymous_16)
FN:341,(anonymous_17)
FN:361,(anonymous_18)
FN:384,(anonymous_19)
FN:391,(anonymous_20)
FN:432,(anonymous_21)
FN:440,(anonymous_22)
FN:472,(anonymous_23)
FN:525,(anonymous_24)
FN:548,(anonymous_25)
FNF:25
FNH:0
FNDA:0,(anonymous_1)
FNDA:0,(anonymous_2)
FNDA:0,(anonymous_3)
FNDA:0,(anonymous_4)
FNDA:0,(anonymous_5)
FNDA:0,(anonymous_6)
FNDA:0,(anonymous_7)
FNDA:0,(anonymous_8)
FNDA:0,(anonymous_9)
FNDA:0,(anonymous_10)
FNDA:0,(anonymous_11)
FNDA:0,(anonymous_12)
FNDA:0,(anonymous_13)
FNDA:0,(anonymous_14)
FNDA:0,(anonymous_15)
FNDA:0,(anonymous_16)
FNDA:0,(anonymous_17)
FNDA:0,(anonymous_18)
FNDA:0,(anonymous_19)
FNDA:0,(anonymous_20)
FNDA:0,(anonymous_21)
FNDA:0,(anonymous_22)
FNDA:0,(anonymous_23)
FNDA:0,(anonymous_24)
FNDA:0,(anonymous_25)
DA:1,1
DA:2,1
DA:4,1
DA:22,1
DA:23,0
DA:42,0
DA:55,0
DA:58,0
DA:59,0
DA:60,0
DA:61,0
DA:62,0
DA:64,0
DA:70,0
DA:80,0
DA:84,0
DA:85,0
DA:86,0
DA:89,0
DA:91,0
DA:93,0
DA:99,0
DA:100,0
DA:101,0
DA:103,0
DA:108,0
DA:111,0
DA:112,0
DA:113,0
DA:115,0
DA:116,0
DA:120,0
DA:121,0
DA:126,0
DA:127,0
DA:128,0
DA:129,0
DA:133,0
DA:134,0
DA:135,0
DA:139,0
DA:150,0
DA:158,0
DA:160,0
DA:172,0
DA:173,0
DA:175,0
DA:176,0
DA:177,0
DA:179,0
DA:180,0
DA:192,0
DA:197,0
DA:199,0
DA:201,0
DA:206,0
DA:207,0
DA:211,0
DA:213,0
DA:214,0
DA:216,0
DA:218,0
DA:221,0
DA:222,0
DA:229,0
DA:232,0
DA:233,0
DA:238,0
DA:242,0
DA:247,0
DA:250,0
DA:256,0
DA:265,0
DA:271,0
DA:274,0
DA:275,0
DA:277,0
DA:279,0
DA:285,0
DA:289,0
DA:290,0
DA:291,0
DA:296,0
DA:300,0
DA:304,0
DA:310,0
DA:313,0
DA:315,0
DA:316,0
DA:318,0
DA:330,0
DA:331,0
DA:332,0
DA:335,0
DA:337,0
DA:345,0
DA:347,0
DA:348,0
DA:350,0
DA:351,0
DA:355,0
DA:356,0
DA:361,0
DA:362,0
DA:363,0
DA:372,0
DA:374,0
DA:375,0
DA:381,0
DA:388,0
DA:390,0
DA:392,0
DA:393,0
DA:398,0
DA:399,0
DA:400,0
DA:407,0
DA:408,0
DA:411,0
DA:416,0
DA:417,0
DA:426,0
DA:428,0
DA:429,0
DA:433,0
DA:444,0
DA:445,0
DA:446,0
DA:448,0
DA:450,0
DA:458,0
DA:459,0
DA:460,0
DA:464,0
DA:472,0
DA:474,0
DA:481,0
DA:484,0
DA:485,0
DA:487,0
DA:488,0
DA:495,0
DA:496,0
DA:505,0
DA:506,0
DA:509,0
DA:512,0
DA:514,0
DA:516,0
DA:519,0
DA:526,0
DA:532,0
DA:533,0
DA:534,0
DA:541,0
DA:542,0
DA:545,0
DA:549,0
DA:550,0
LF:159
LH:4
BRDA:56,0,0,0
BRDA:59,1,0,0
BRDA:59,1,1,0
BRDA:60,2,0,0
BRDA:60,2,1,0
BRDA:61,3,0,0
BRDA:61,3,1,0
BRDA:84,4,0,0
BRDA:120,5,0,0
BRDA:126,6,0,0
BRDA:126,6,1,0
BRDA:158,7,0,0
BRDA:206,8,0,0
BRDA:218,9,0,0
BRDA:218,9,1,0
BRDA:331,10,0,0
BRDA:350,11,0,0
BRDA:361,12,0,0
BRDA:362,13,0,0
BRDA:362,13,1,0
BRDA:386,14,0,0
BRDA:394,15,0,0
BRDA:394,15,1,0
BRDA:398,16,0,0
BRDA:398,17,0,0
BRDA:398,17,1,0
BRDA:398,17,2,0
BRDA:407,18,0,0
BRDA:407,19,0,0
BRDA:407,19,1,0
BRDA:418,20,0,0
BRDA:418,20,1,0
BRDA:459,21,0,0
BRDA:505,22,0,0
BRDA:517,23,0,0
BRDA:517,23,1,0
BRDA:520,24,0,0
BRDA:520,24,1,0
BRDA:533,25,0,0
BRDA:541,26,0,0
BRF:40
BRH:0
end_of_record
TN:
SF:src\core\compiler\index.ts
FNF:0
FNH:0
DA:1,1
DA:2,1
DA:3,1
DA:4,1
LF:4
LH:4
BRF:0
BRH:0
end_of_record
TN:
SF:src\core\dependency\DependencyAnalyzer.ts
FN:29,(anonymous_1)
FN:42,(anonymous_2)
FN:48,(anonymous_3)
FN:54,(anonymous_4)
FN:89,(anonymous_5)
FN:96,(anonymous_6)
FN:116,(anonymous_7)
FN:122,(anonymous_8)
FN:129,(anonymous_9)
FN:143,(anonymous_10)
FN:221,(anonymous_11)
FN:247,(anonymous_12)
FN:254,(anonymous_13)
FN:293,(anonymous_14)
FN:325,(anonymous_15)
FN:349,(anonymous_16)
FN:350,(anonymous_17)
FN:358,(anonymous_18)
FN:360,(anonymous_19)
FN:423,(anonymous_20)
FN:478,(anonymous_21)
FN:489,(anonymous_22)
FN:492,(anonymous_23)
FN:501,(anonymous_24)
FN:515,(anonymous_25)
FN:517,(anonymous_26)
FN:541,(anonymous_27)
FN:549,(anonymous_28)
FNF:28
FNH:0
FNDA:0,(anonymous_1)
FNDA:0,(anonymous_2)
FNDA:0,(anonymous_3)
FNDA:0,(anonymous_4)
FNDA:0,(anonymous_5)
FNDA:0,(anonymous_6)
FNDA:0,(anonymous_7)
FNDA:0,(anonymous_8)
FNDA:0,(anonymous_9)
FNDA:0,(anonymous_10)
FNDA:0,(anonymous_11)
FNDA:0,(anonymous_12)
FNDA:0,(anonymous_13)
FNDA:0,(anonymous_14)
FNDA:0,(anonymous_15)
FNDA:0,(anonymous_16)
FNDA:0,(anonymous_17)
FNDA:0,(anonymous_18)
FNDA:0,(anonymous_19)
FNDA:0,(anonymous_20)
FNDA:0,(anonymous_21)
FNDA:0,(anonymous_22)
FNDA:0,(anonymous_23)
FNDA:0,(anonymous_24)
FNDA:0,(anonymous_25)
FNDA:0,(anonymous_26)
FNDA:0,(anonymous_27)
FNDA:0,(anonymous_28)
DA:3,1
DA:4,1
DA:5,1
DA:17,1
DA:21,0
DA:30,0
DA:33,0
DA:34,0
DA:35,0
DA:36,0
DA:37,0
DA:38,0
DA:39,0
DA:43,0
DA:44,0
DA:49,0
DA:50,0
DA:55,0
DA:57,0
DA:58,0
DA:59,0
DA:60,0
DA:64,0
DA:68,0
DA:73,0
DA:74,0
DA:80,0
DA:82,0
DA:83,0
DA:85,0
DA:90,0
DA:91,0
DA:92,0
DA:93,0
DA:101,0
DA:102,0
DA:107,0
DA:108,0
DA:113,0
DA:117,0
DA:118,0
DA:119,0
DA:123,0
DA:124,0
DA:125,0
DA:135,0
DA:148,0
DA:149,0
DA:152,0
DA:154,0
DA:161,0
DA:162,0
DA:164,0
DA:165,0
DA:166,0
DA:171,0
DA:172,0
DA:177,0
DA:181,0
DA:187,0
DA:188,0
DA:190,0
DA:191,0
DA:193,0
DA:194,0
DA:195,0
DA:200,0
DA:208,0
DA:209,0
DA:218,0
DA:226,0
DA:227,0
DA:230,0
DA:231,0
DA:233,0
DA:234,0
DA:236,0
DA:237,0
DA:240,0
DA:241,0
DA:247,0
DA:248,0
DA:254,0
DA:255,0
DA:258,0
DA:260,0
DA:261,0
DA:262,0
DA:268,0
DA:271,0
DA:272,0
DA:273,0
DA:275,0
DA:276,0
DA:285,0
DA:286,0
DA:290,0
DA:294,0
DA:303,0
DA:320,0
DA:323,0
DA:324,0
DA:326,0
DA:327,0
DA:334,0
DA:335,0
DA:336,0
DA:338,0
DA:341,0
DA:346,0
DA:347,0
DA:349,0
DA:350,0
DA:351,0
DA:353,0
DA:357,0
DA:358,0
DA:361,0
DA:365,0
DA:366,0
DA:369,0
DA:376,0
DA:377,0
DA:378,0
DA:382,0
DA:384,0
DA:396,0
DA:401,0
DA:407,0
DA:409,0
DA:414,0
DA:415,0
DA:420,0
DA:428,0
DA:429,0
DA:432,0
DA:436,0
DA:437,0
DA:438,0
DA:439,0
DA:441,0
DA:442,0
DA:443,0
DA:444,0
DA:445,0
DA:449,0
DA:450,0
DA:451,0
DA:452,0
DA:453,0
DA:456,0
DA:457,0
DA:458,0
DA:462,0
DA:463,0
DA:464,0
DA:468,0
DA:469,0
DA:472,0
DA:474,0
DA:477,0
DA:479,0
DA:480,0
DA:481,0
DA:483,0
DA:484,0
DA:489,0
DA:495,0
DA:497,0
DA:498,0
DA:499,0
DA:501,0
DA:502,0
DA:503,0
DA:504,0
DA:506,0
DA:507,0
DA:508,0
DA:509,0
DA:510,0
DA:511,0
DA:512,0
DA:513,0
DA:516,0
DA:517,0
DA:520,0
DA:521,0
DA:529,0
DA:530,0
DA:533,0
DA:534,0
DA:535,0
DA:539,0
DA:540,0
DA:541,0
DA:542,0
DA:546,0
DA:550,0
DA:560,0
LF:199
LH:4
BRDA:31,0,0,0
BRDA:34,1,0,0
BRDA:34,1,1,0
BRDA:36,2,0,0
BRDA:36,2,1,0
BRDA:37,3,0,0
BRDA:37,3,1,0
BRDA:38,4,0,0
BRDA:38,4,1,0
BRDA:43,5,0,0
BRDA:49,6,0,0
BRDA:58,7,0,0
BRDA:64,8,0,0
BRDA:65,9,0,0
BRDA:65,9,1,0
BRDA:73,10,0,0
BRDA:101,11,0,0
BRDA:101,11,1,0
BRDA:123,12,0,0
BRDA:146,13,0,0
BRDA:148,14,0,0
BRDA:171,15,0,0
BRDA:177,16,0,0
BRDA:178,17,0,0
BRDA:178,17,1,0
BRDA:197,18,0,0
BRDA:197,18,1,0
BRDA:208,19,0,0
BRDA:224,20,0,0
BRDA:226,21,0,0
BRDA:231,22,0,0
BRDA:231,22,1,0
BRDA:236,23,0,0
BRDA:248,24,0,0
BRDA:248,24,1,0
BRDA:271,25,0,0
BRDA:271,26,0,0
BRDA:271,26,1,0
BRDA:275,27,0,0
BRDA:307,28,0,0
BRDA:307,28,1,0
BRDA:314,29,0,0
BRDA:314,29,1,0
BRDA:353,30,0,0
BRDA:354,31,0,0
BRDA:354,31,1,0
BRDA:361,32,0,0
BRDA:361,32,1,0
BRDA:365,33,0,0
BRDA:367,34,0,0
BRDA:367,34,1,0
BRDA:376,35,0,0
BRDA:376,36,0,0
BRDA:376,36,1,0
BRDA:391,37,0,0
BRDA:391,37,1,0
BRDA:410,38,0,0
BRDA:410,38,1,0
BRDA:411,39,0,0
BRDA:411,39,1,0
BRDA:414,40,0,0
BRDA:428,41,0,0
BRDA:433,42,0,0
BRDA:433,42,1,0
BRDA:442,43,0,0
BRDA:451,44,0,0
BRDA:451,45,0,0
BRDA:451,45,1,0
BRDA:456,46,0,0
BRDA:456,46,1,0
BRDA:458,47,0,0
BRDA:459,48,0,0
BRDA:459,48,1,0
BRDA:481,49,0,0
BRDA:481,49,1,0
BRDA:501,50,0,0
BRDA:506,51,0,0
BRDA:506,51,1,0
BRDA:508,52,0,0
BRDA:508,52,1,0
BRDA:510,53,0,0
BRDA:513,54,0,0
BRDA:516,55,0,0
BRDA:516,55,1,0
BRDA:534,56,0,0
BRDA:539,57,0,0
BRF:86
BRH:0
end_of_record
TN:
SF:src\core\dependency\DependencyCache.ts
FN:22,(anonymous_0)
FN:41,(anonymous_1)
FN:53,(anonymous_2)
FN:84,(anonymous_3)
FN:91,(anonymous_4)
FN:97,(anonymous_5)
FN:109,(anonymous_6)
FN:144,(anonymous_7)
FN:176,(anonymous_8)
FN:194,(anonymous_9)
FN:210,(anonymous_10)
FN:228,(anonymous_11)
FN:232,(anonymous_12)
FN:237,(anonymous_13)
FN:251,(anonymous_14)
FNF:15
FNH:0
FNDA:0,(anonymous_0)
FNDA:0,(anonymous_1)
FNDA:0,(anonymous_2)
FNDA:0,(anonymous_3)
FNDA:0,(anonymous_4)
FNDA:0,(anonymous_5)
FNDA:0,(anonymous_6)
FNDA:0,(anonymous_7)
FNDA:0,(anonymous_8)
FNDA:0,(anonymous_9)
FNDA:0,(anonymous_10)
FNDA:0,(anonymous_11)
FNDA:0,(anonymous_12)
FNDA:0,(anonymous_13)
FNDA:0,(anonymous_14)
DA:3,1
DA:14,1
DA:19,0
DA:23,0
DA:26,0
DA:27,0
DA:28,0
DA:29,0
DA:38,0
DA:42,0
DA:54,0
DA:56,0
DA:57,0
DA:58,0
DA:59,0
DA:62,0
DA:63,0
DA:64,0
DA:67,0
DA:68,0
DA:69,0
DA:72,0
DA:73,0
DA:74,0
DA:75,0
DA:77,0
DA:85,0
DA:86,0
DA:87,0
DA:88,0
DA:92,0
DA:93,0
DA:98,0
DA:99,0
DA:104,0
DA:105,0
DA:106,0
DA:113,0
DA:114,0
DA:117,0
DA:119,0
DA:120,0
DA:121,0
DA:122,0
DA:123,0
DA:124,0
DA:127,0
DA:128,0
DA:129,0
DA:130,0
DA:131,0
DA:132,0
DA:133,0
DA:136,0
DA:137,0
DA:138,0
DA:140,0
DA:149,0
DA:150,0
DA:152,0
DA:154,0
DA:155,0
DA:162,0
DA:163,0
DA:164,0
DA:165,0
DA:166,0
DA:169,0
DA:170,0
DA:172,0
DA:177,0
DA:178,0
DA:181,0
DA:183,0
DA:184,0
DA:185,0
DA:186,0
DA:187,0
DA:190,0
DA:195,0
DA:196,0
DA:199,0
DA:201,0
DA:202,0
DA:203,0
DA:204,0
DA:206,0
DA:211,0
DA:212,0
DA:215,0
DA:216,0
DA:218,0
DA:219,0
DA:220,0
DA:221,0
DA:222,0
DA:225,0
DA:229,0
DA:233,0
DA:234,0
DA:235,0
DA:237,0
DA:238,0
DA:239,0
DA:240,0
DA:243,0
DA:252,0
DA:253,0
LF:108
LH:2
BRDA:24,0,0,0
BRDA:26,1,0,0
BRDA:26,1,1,0
BRDA:27,2,0,0
BRDA:27,2,1,0
BRDA:53,3,0,0
BRDA:57,4,0,0
BRDA:62,5,0,0
BRDA:67,6,0,0
BRDA:78,7,0,0
BRDA:78,7,1,0
BRDA:92,8,0,0
BRDA:98,9,0,0
BRDA:98,9,1,0
BRDA:111,10,0,0
BRDA:113,11,0,0
BRDA:121,12,0,0
BRDA:128,13,0,0
BRDA:128,14,0,0
BRDA:128,14,1,0
BRDA:147,15,0,0
BRDA:149,16,0,0
BRDA:159,17,0,0
BRDA:159,17,1,0
BRDA:162,18,0,0
BRDA:162,18,1,0
BRDA:165,19,0,0
BRDA:177,20,0,0
BRDA:185,21,0,0
BRDA:195,22,0,0
BRDA:211,23,0,0
BRDA:216,24,0,0
BRDA:219,25,0,0
BRDA:246,26,0,0
BRDA:246,26,1,0
BRDA:247,27,0,0
BRDA:247,27,1,0
BRF:37
BRH:0
end_of_record
TN:
SF:src\core\dependency\IgnoreHandler.ts
FN:23,(anonymous_1)
FN:43,(anonymous_2)
FN:63,(anonymous_3)
FN:69,(anonymous_4)
FN:75,(anonymous_5)
FN:143,(anonymous_6)
FN:155,(anonymous_7)
FN:156,(anonymous_8)
FN:169,(anonymous_9)
FN:189,(anonymous_10)
FN:204,(anonymous_11)
FN:210,(anonymous_12)
FN:226,(anonymous_13)
FN:230,(anonymous_14)
FN:266,(anonymous_15)
FN:330,(anonymous_16)
FN:363,(anonymous_17)
FN:367,(anonymous_18)
FN:384,(anonymous_19)
FN:396,(anonymous_20)
FN:401,(anonymous_21)
FN:416,(anonymous_22)
FN:436,(anonymous_23)
FN:445,(anonymous_24)
FN:450,(anonymous_25)
FNF:25
FNH:0
FNDA:0,(anonymous_1)
FNDA:0,(anonymous_2)
FNDA:0,(anonymous_3)
FNDA:0,(anonymous_4)
FNDA:0,(anonymous_5)
FNDA:0,(anonymous_6)
FNDA:0,(anonymous_7)
FNDA:0,(anonymous_8)
FNDA:0,(anonymous_9)
FNDA:0,(anonymous_10)
FNDA:0,(anonymous_11)
FNDA:0,(anonymous_12)
FNDA:0,(anonymous_13)
FNDA:0,(anonymous_14)
FNDA:0,(anonymous_15)
FNDA:0,(anonymous_16)
FNDA:0,(anonymous_17)
FNDA:0,(anonymous_18)
FNDA:0,(anonymous_19)
FNDA:0,(anonymous_20)
FNDA:0,(anonymous_21)
FNDA:0,(anonymous_22)
FNDA:0,(anonymous_23)
FNDA:0,(anonymous_24)
FNDA:0,(anonymous_25)
DA:3,1
DA:4,1
DA:13,1
DA:15,1
DA:19,0
DA:25,0
DA:28,0
DA:29,0
DA:30,0
DA:33,0
DA:34,0
DA:37,0
DA:38,0
DA:39,0
DA:44,0
DA:45,0
DA:47,0
DA:48,0
DA:49,0
DA:54,0
DA:55,0
DA:57,0
DA:64,0
DA:65,0
DA:66,0
DA:70,0
DA:71,0
DA:78,0
DA:82,0
DA:87,0
DA:88,0
DA:91,0
DA:92,0
DA:97,0
DA:101,0
DA:107,0
DA:108,0
DA:116,0
DA:118,0
DA:119,0
DA:120,0
DA:121,0
DA:125,0
DA:126,0
DA:132,0
DA:134,0
DA:135,0
DA:137,0
DA:144,0
DA:145,0
DA:146,0
DA:147,0
DA:150,0
DA:153,0
DA:155,0
DA:156,0
DA:158,0
DA:159,0
DA:161,0
DA:170,0
DA:171,0
DA:175,0
DA:178,0
DA:179,0
DA:180,0
DA:182,0
DA:190,0
DA:191,0
DA:192,0
DA:197,0
DA:205,0
DA:207,0
DA:208,0
DA:210,0
DA:211,0
DA:212,0
DA:213,0
DA:215,0
DA:219,0
DA:220,0
DA:223,0
DA:227,0
DA:229,0
DA:230,0
DA:231,0
DA:234,0
DA:235,0
DA:236,0
DA:240,0
DA:241,0
DA:242,0
DA:243,0
DA:247,0
DA:248,0
DA:249,0
DA:253,0
DA:254,0
DA:256,0
DA:259,0
DA:267,0
DA:268,0
DA:271,0
DA:273,0
DA:274,0
DA:279,0
DA:280,0
DA:283,0
DA:285,0
DA:286,0
DA:288,0
DA:289,0
DA:290,0
DA:295,0
DA:296,0
DA:297,0
DA:298,0
DA:299,0
DA:300,0
DA:302,0
DA:303,0
DA:306,0
DA:309,0
DA:313,0
DA:314,0
DA:321,0
DA:323,0
DA:331,0
DA:332,0
DA:335,0
DA:336,0
DA:341,0
DA:342,0
DA:347,0
DA:348,0
DA:353,0
DA:354,0
DA:356,0
DA:364,0
DA:368,0
DA:370,0
DA:371,0
DA:372,0
DA:373,0
DA:374,0
DA:377,0
DA:385,0
DA:387,0
DA:388,0
DA:389,0
DA:390,0
DA:391,0
DA:393,0
DA:397,0
DA:398,0
DA:402,0
DA:403,0
DA:405,0
DA:410,0
DA:411,0
DA:412,0
DA:413,0
DA:414,0
DA:416,0
DA:417,0
DA:418,0
DA:422,0
DA:428,0
DA:436,0
DA:437,0
DA:438,0
DA:440,0
DA:444,0
DA:445,0
DA:448,0
DA:449,0
DA:450,0
DA:451,0
DA:455,0
DA:456,0
DA:457,0
DA:461,0
LF:181
LH:4
BRDA:26,0,0,0
BRDA:29,1,0,0
BRDA:29,2,0,0
BRDA:29,2,1,0
BRDA:34,3,0,0
BRDA:34,3,1,0
BRDA:37,4,0,0
BRDA:48,5,0,0
BRDA:58,6,0,0
BRDA:58,6,1,0
BRDA:70,7,0,0
BRDA:76,8,0,0
BRDA:92,9,0,0
BRDA:92,9,1,0
BRDA:118,10,0,0
BRDA:118,11,0,0
BRDA:118,11,1,0
BRDA:120,12,0,0
BRDA:125,13,0,0
BRDA:134,14,0,0
BRDA:138,15,0,0
BRDA:138,15,1,0
BRDA:145,16,0,0
BRDA:156,17,0,0
BRDA:156,17,1,0
BRDA:162,18,0,0
BRDA:162,18,1,0
BRDA:170,19,0,0
BRDA:183,20,0,0
BRDA:183,20,1,0
BRDA:199,21,0,0
BRDA:199,21,1,0
BRDA:212,22,0,0
BRDA:212,22,1,0
BRDA:212,23,0,0
BRDA:212,23,1,0
BRDA:219,24,0,0
BRDA:234,25,0,0
BRDA:240,26,0,0
BRDA:247,27,0,0
BRDA:247,28,0,0
BRDA:247,28,1,0
BRDA:260,29,0,0
BRDA:260,29,1,0
BRDA:267,30,0,0
BRDA:279,31,0,0
BRDA:295,32,0,0
BRDA:297,33,0,0
BRDA:307,34,0,0
BRDA:307,34,1,0
BRDA:313,35,0,0
BRDA:315,36,0,0
BRDA:315,36,1,0
BRDA:324,37,0,0
BRDA:324,37,1,0
BRDA:331,38,0,0
BRDA:337,39,0,0
BRDA:337,39,1,0
BRDA:341,40,0,0
BRDA:347,41,0,0
BRDA:353,42,0,0
BRDA:357,43,0,0
BRDA:357,43,1,0
BRDA:372,44,0,0
BRDA:378,45,0,0
BRDA:378,45,1,0
BRDA:388,46,0,0
BRDA:431,47,0,0
BRDA:431,47,1,0
BRDA:437,48,0,0
BRDA:437,48,1,0
BRDA:440,49,0,0
BRDA:440,49,1,0
BRDA:445,50,0,0
BRDA:445,50,1,0
BRDA:448,51,0,0
BRDA:458,52,0,0
BRDA:458,52,1,0
BRDA:462,53,0,0
BRDA:462,53,1,0
BRF:80
BRH:0
end_of_record
TN:
SF:src\core\dependency\index.ts
FNF:0
FNH:0
DA:2,1
DA:3,1
DA:4,1
DA:5,1
DA:6,1
DA:7,1
LF:6
LH:6
BRF:0
BRH:0
end_of_record
TN:
SF:src\core\templating\DefaultTemplates.ts
FN:118,registerDefaultTemplates
FN:122,(anonymous_1)
FNF:2
FNH:0
FNDA:0,registerDefaultTemplates
FNDA:0,(anonymous_1)
DA:5,1
DA:118,1
DA:121,0
DA:122,0
DA:123,0
DA:124,0
DA:128,0
LF:7
LH:2
BRDA:123,0,0,0
BRDA:129,1,0,0
BRDA:129,1,1,0
BRF:3
BRH:0
end_of_record
TN:
SF:src\core\templating\TemplateManager.ts
FN:16,(anonymous_0)
FN:24,(anonymous_1)
FN:29,(anonymous_2)
FN:35,(anonymous_3)
FN:41,(anonymous_4)
FN:55,(anonymous_5)
FN:65,(anonymous_6)
FN:69,(anonymous_7)
FN:82,(anonymous_8)
FN:87,(anonymous_9)
FN:90,(anonymous_10)
FN:98,(anonymous_11)
FN:102,(anonymous_12)
FN:113,(anonymous_13)
FN:128,(anonymous_14)
FN:140,(anonymous_15)
FN:141,(anonymous_16)
FNF:17
FNH:0
FNDA:0,(anonymous_0)
FNDA:0,(anonymous_1)
FNDA:0,(anonymous_2)
FNDA:0,(anonymous_3)
FNDA:0,(anonymous_4)
FNDA:0,(anonymous_5)
FNDA:0,(anonymous_6)
FNDA:0,(anonymous_7)
FNDA:0,(anonymous_8)
FNDA:0,(anonymous_9)
FNDA:0,(anonymous_10)
FNDA:0,(anonymous_11)
FNDA:0,(anonymous_12)
FNDA:0,(anonymous_13)
FNDA:0,(anonymous_14)
FNDA:0,(anonymous_15)
FNDA:0,(anonymous_16)
DA:2,1
DA:3,1
DA:12,1
DA:13,0
DA:17,0
DA:20,0
DA:21,0
DA:25,0
DA:26,0
DA:30,0
DA:31,0
DA:32,0
DA:36,0
DA:37,0
DA:42,0
DA:44,0
DA:45,0
DA:50,0
DA:51,0
DA:52,0
DA:56,0
DA:58,0
DA:59,0
DA:60,0
DA:62,0
DA:66,0
DA:70,0
DA:72,0
DA:73,0
DA:74,0
DA:76,0
DA:77,0
DA:79,0
DA:83,0
DA:84,0
DA:87,0
DA:88,0
DA:90,0
DA:91,0
DA:92,0
DA:102,0
DA:104,0
DA:105,0
DA:106,0
DA:117,0
DA:119,0
DA:120,0
DA:121,0
DA:125,0
DA:129,0
DA:130,0
DA:133,0
DA:134,0
DA:137,0
DA:141,0
DA:142,0
LF:56
LH:3
BRDA:18,0,0,0
BRDA:21,1,0,0
BRDA:21,1,1,0
BRDA:36,2,0,0
BRDA:44,3,0,0
BRDA:59,4,0,0
BRDA:83,5,0,0
BRDA:83,6,0,0
BRDA:83,6,1,0
BRDA:91,7,0,0
BRDA:105,8,0,0
BRDA:120,9,0,0
BRDA:120,10,0,0
BRDA:120,10,1,0
BRDA:142,11,0,0
BRDA:142,11,1,0
BRF:16
BRH:0
end_of_record
TN:
SF:src\core\templating\index.ts
FNF:0
FNH:0
DA:1,1
DA:2,1
DA:3,1
LF:3
LH:3
BRF:0
BRH:0
end_of_record
TN:
SF:src\core\tokenization\TokenCache.ts
FN:32,(anonymous_1)
FN:48,(anonymous_2)
FN:70,(anonymous_3)
FN:85,(anonymous_4)
FN:91,(anonymous_5)
FN:97,(anonymous_6)
FN:108,(anonymous_7)
FN:122,(anonymous_8)
FN:126,(anonymous_9)
FN:141,(anonymous_10)
FN:171,(anonymous_11)
FN:183,(anonymous_12)
FN:191,(anonymous_13)
FN:220,(anonymous_14)
FN:253,(anonymous_15)
FN:266,(anonymous_16)
FN:271,(anonymous_17)
FN:285,(anonymous_18)
FNF:18
FNH:0
FNDA:0,(anonymous_1)
FNDA:0,(anonymous_2)
FNDA:0,(anonymous_3)
FNDA:0,(anonymous_4)
FNDA:0,(anonymous_5)
FNDA:0,(anonymous_6)
FNDA:0,(anonymous_7)
FNDA:0,(anonymous_8)
FNDA:0,(anonymous_9)
FNDA:0,(anonymous_10)
FNDA:0,(anonymous_11)
FNDA:0,(anonymous_12)
FNDA:0,(anonymous_13)
FNDA:0,(anonymous_14)
FNDA:0,(anonymous_15)
FNDA:0,(anonymous_16)
FNDA:0,(anonymous_17)
FNDA:0,(anonymous_18)
DA:3,1
DA:4,1
DA:12,1
DA:16,1
DA:19,0
DA:22,0
DA:34,0
DA:37,0
DA:38,0
DA:39,0
DA:40,0
DA:41,0
DA:49,0
DA:51,0
DA:52,0
DA:54,0
DA:55,0
DA:60,0
DA:61,0
DA:63,0
DA:71,0
DA:72,0
DA:73,0
DA:74,0
DA:75,0
DA:78,0
DA:86,0
DA:87,0
DA:88,0
DA:92,0
DA:93,0
DA:98,0
DA:99,0
DA:104,0
DA:105,0
DA:109,0
DA:110,0
DA:113,0
DA:114,0
DA:123,0
DA:127,0
DA:128,0
DA:129,0
DA:130,0
DA:132,0
DA:133,0
DA:136,0
DA:137,0
DA:138,0
DA:139,0
DA:141,0
DA:142,0
DA:143,0
DA:144,0
DA:145,0
DA:148,0
DA:149,0
DA:150,0
DA:151,0
DA:152,0
DA:153,0
DA:156,0
DA:159,0
DA:160,0
DA:161,0
DA:167,0
DA:172,0
DA:173,0
DA:177,0
DA:179,0
DA:184,0
DA:185,0
DA:187,0
DA:192,0
DA:193,0
DA:196,0
DA:197,0
DA:198,0
DA:199,0
DA:201,0
DA:202,0
DA:203,0
DA:204,0
DA:205,0
DA:206,0
DA:207,0
DA:208,0
DA:210,0
DA:211,0
DA:213,0
DA:214,0
DA:216,0
DA:225,0
DA:226,0
DA:229,0
DA:230,0
DA:236,0
DA:237,0
DA:238,0
DA:244,0
DA:245,0
DA:246,0
DA:247,0
DA:249,0
DA:254,0
DA:255,0
DA:256,0
DA:257,0
DA:258,0
DA:259,0
DA:262,0
DA:267,0
DA:268,0
DA:269,0
DA:271,0
DA:272,0
DA:273,0
DA:274,0
DA:277,0
DA:278,0
DA:280,0
DA:282,0
DA:286,0
LF:123
LH:4
BRDA:35,0,0,0
BRDA:39,1,0,0
BRDA:39,1,1,0
BRDA:40,2,0,0
BRDA:40,2,1,0
BRDA:54,3,0,0
BRDA:64,4,0,0
BRDA:64,4,1,0
BRDA:73,5,0,0
BRDA:79,6,0,0
BRDA:79,6,1,0
BRDA:92,7,0,0
BRDA:98,8,0,0
BRDA:98,8,1,0
BRDA:109,9,0,0
BRDA:109,10,0,0
BRDA:109,10,1,0
BRDA:115,11,0,0
BRDA:115,11,1,0
BRDA:115,11,2,0
BRDA:115,11,3,0
BRDA:128,12,0,0
BRDA:132,13,0,0
BRDA:132,14,0,0
BRDA:132,14,1,0
BRDA:142,15,0,0
BRDA:149,16,0,0
BRDA:192,17,0,0
BRDA:192,18,0,0
BRDA:192,18,1,0
BRDA:201,19,0,0
BRDA:201,20,0,0
BRDA:201,20,1,0
BRDA:203,21,0,0
BRDA:225,22,0,0
BRDA:225,23,0,0
BRDA:225,23,1,0
BRDA:229,24,0,0
BRDA:229,25,0,0
BRDA:229,25,1,0
BRDA:229,25,2,0
BRDA:257,26,0,0
BRDA:279,27,0,0
BRDA:279,27,1,0
BRDA:281,28,0,0
BRDA:281,28,1,0
BRF:46
BRH:0
end_of_record
TN:
SF:src\core\tokenization\TokenCounter.ts
FN:48,(anonymous_0)
FN:60,(anonymous_1)
FN:80,(anonymous_2)
FN:98,(anonymous_3)
FN:112,(anonymous_4)
FN:118,(anonymous_5)
FN:134,(anonymous_6)
FN:141,(anonymous_7)
FN:163,(anonymous_8)
FN:243,(anonymous_9)
FN:254,(anonymous_10)
FN:264,(anonymous_11)
FN:266,(anonymous_12)
FN:272,(anonymous_13)
FN:276,(anonymous_14)
FN:283,(anonymous_15)
FN:302,(anonymous_16)
FN:313,(anonymous_17)
FN:330,(anonymous_18)
FN:334,(anonymous_19)
FN:349,(anonymous_20)
FN:355,(anonymous_21)
FN:374,(anonymous_22)
FN:405,(anonymous_23)
FN:421,(anonymous_24)
FNF:25
FNH:0
FNDA:0,(anonymous_0)
FNDA:0,(anonymous_1)
FNDA:0,(anonymous_2)
FNDA:0,(anonymous_3)
FNDA:0,(anonymous_4)
FNDA:0,(anonymous_5)
FNDA:0,(anonymous_6)
FNDA:0,(anonymous_7)
FNDA:0,(anonymous_8)
FNDA:0,(anonymous_9)
FNDA:0,(anonymous_10)
FNDA:0,(anonymous_11)
FNDA:0,(anonymous_12)
FNDA:0,(anonymous_13)
FNDA:0,(anonymous_14)
FNDA:0,(anonymous_15)
FNDA:0,(anonymous_16)
FNDA:0,(anonymous_17)
FNDA:0,(anonymous_18)
FNDA:0,(anonymous_19)
FNDA:0,(anonymous_20)
FNDA:0,(anonymous_21)
FNDA:0,(anonymous_22)
FNDA:0,(anonymous_23)
FNDA:0,(anonymous_24)
DA:3,1
DA:4,1
DA:17,1
DA:19,1
DA:29,1
DA:30,0
DA:36,0
DA:49,0
DA:52,0
DA:53,0
DA:54,0
DA:55,0
DA:56,0
DA:57,0
DA:61,0
DA:62,0
DA:64,0
DA:66,0
DA:69,0
DA:70,0
DA:73,0
DA:74,0
DA:76,0
DA:81,0
DA:82,0
DA:83,0
DA:84,0
DA:85,0
DA:87,0
DA:88,0
DA:90,0
DA:92,0
DA:99,0
DA:113,0
DA:114,0
DA:123,0
DA:124,0
DA:130,0
DA:131,0
DA:135,0
DA:142,0
DA:143,0
DA:144,0
DA:146,0
DA:147,0
DA:153,0
DA:154,0
DA:155,0
DA:157,0
DA:160,0
DA:168,0
DA:170,0
DA:171,0
DA:180,0
DA:181,0
DA:182,0
DA:188,0
DA:191,0
DA:192,0
DA:195,0
DA:196,0
DA:197,0
DA:198,0
DA:204,0
DA:205,0
DA:207,0
DA:208,0
DA:211,0
DA:212,0
DA:215,0
DA:216,0
DA:217,0
DA:218,0
DA:220,0
DA:226,0
DA:233,0
DA:234,0
DA:236,0
DA:237,0
DA:239,0
DA:244,0
DA:246,0
DA:247,0
DA:249,0
DA:257,0
DA:259,0
DA:260,0
DA:263,0
DA:264,0
DA:266,0
DA:270,0
DA:271,0
DA:272,0
DA:275,0
DA:276,0
DA:283,0
DA:284,0
DA:285,0
DA:286,0
DA:288,0
DA:290,0
DA:306,0
DA:308,0
DA:310,0
DA:311,0
DA:312,0
DA:313,0
DA:318,0
DA:319,0
DA:321,0
DA:322,0
DA:327,0
DA:331,0
DA:335,0
DA:336,0
DA:338,0
DA:350,0
DA:351,0
DA:352,0
DA:356,0
DA:358,0
DA:359,0
DA:361,0
DA:362,0
DA:368,0
DA:369,0
DA:372,0
DA:374,0
DA:375,0
DA:381,0
DA:392,0
DA:393,0
DA:402,0
DA:406,0
DA:408,0
DA:409,0
DA:412,0
DA:414,0
DA:417,0
DA:421,0
DA:422,0
DA:423,0
DA:429,0
DA:431,0
DA:432,0
DA:433,0
DA:434,0
DA:435,0
DA:438,0
DA:441,0
DA:444,0
DA:447,0
DA:450,0
DA:451,0
DA:452,0
LF:155
LH:5
BRDA:50,0,0,0
BRDA:53,1,0,0
BRDA:53,1,1,0
BRDA:54,2,0,0
BRDA:54,2,1,0
BRDA:56,3,0,0
BRDA:56,3,1,0
BRDA:69,4,0,0
BRDA:83,5,0,0
BRDA:87,6,0,0
BRDA:93,7,0,0
BRDA:93,7,1,0
BRDA:113,8,0,0
BRDA:123,9,0,0
BRDA:123,9,1,0
BRDA:126,10,0,0
BRDA:126,10,1,0
BRDA:136,11,0,0
BRDA:136,11,1,0
BRDA:142,12,0,0
BRDA:146,13,0,0
BRDA:166,14,0,0
BRDA:170,15,0,0
BRDA:180,16,0,0
BRDA:180,17,0,0
BRDA:180,17,1,0
BRDA:195,18,0,0
BRDA:195,19,0,0
BRDA:195,19,1,0
BRDA:195,19,2,0
BRDA:197,20,0,0
BRDA:215,21,0,0
BRDA:215,22,0,0
BRDA:215,22,1,0
BRDA:215,22,2,0
BRDA:221,23,0,0
BRDA:221,23,1,0
BRDA:238,24,0,0
BRDA:238,24,1,0
BRDA:246,25,0,0
BRDA:259,26,0,0
BRDA:266,27,0,0
BRDA:266,27,1,0
BRDA:304,28,0,0
BRDA:341,29,0,0
BRDA:341,29,1,0
BRDA:361,30,0,0
BRDA:368,31,0,0
BRDA:387,32,0,0
BRDA:387,32,1,0
BRDA:388,33,0,0
BRDA:388,33,1,0
BRDA:389,34,0,0
BRDA:389,34,1,0
BRDA:408,35,0,0
BRDA:408,36,0,0
BRDA:408,36,1,0
BRDA:439,37,0,0
BRDA:439,37,1,0
BRDA:451,38,0,0
BRF:60
BRH:0
end_of_record
TN:
SF:src\core\tokenization\index.ts
FNF:0
FNH:0
DA:1,1
DA:2,1
DA:3,1
DA:4,1
LF:4
LH:4
BRF:0
BRH:0
end_of_record
TN:
SF:src\errors\index.ts
FN:15,createErrorHandler
FNF:1
FNH:0
FNDA:0,createErrorHandler
DA:3,1
DA:4,1
DA:5,1
DA:6,1
DA:8,1
DA:15,1
DA:19,0
LF:7
LH:6
BRF:0
BRH:0
end_of_record
TN:
SF:src\errors\exceptions\index.ts
FN:22,(anonymous_0)
FN:31,(anonymous_1)
FN:48,(anonymous_2)
FN:59,(anonymous_3)
FN:67,(anonymous_4)
FN:71,(anonymous_5)
FN:82,(anonymous_6)
FN:97,(anonymous_7)
FN:106,(anonymous_8)
FN:110,(anonymous_9)
FN:121,(anonymous_10)
FN:129,(anonymous_11)
FN:133,(anonymous_12)
FN:144,(anonymous_13)
FN:152,(anonymous_14)
FN:163,(anonymous_15)
FN:171,(anonymous_16)
FN:182,(anonymous_17)
FN:193,(anonymous_18)
FNF:19
FNH:0
FNDA:0,(anonymous_0)
FNDA:0,(anonymous_1)
FNDA:0,(anonymous_2)
FNDA:0,(anonymous_3)
FNDA:0,(anonymous_4)
FNDA:0,(anonymous_5)
FNDA:0,(anonymous_6)
FNDA:0,(anonymous_7)
FNDA:0,(anonymous_8)
FNDA:0,(anonymous_9)
FNDA:0,(anonymous_10)
FNDA:0,(anonymous_11)
FNDA:0,(anonymous_12)
FNDA:0,(anonymous_13)
FNDA:0,(anonymous_14)
FNDA:0,(anonymous_15)
FNDA:0,(anonymous_16)
FNDA:0,(anonymous_17)
FNDA:0,(anonymous_18)
DA:17,1
DA:23,0
DA:24,0
DA:25,0
DA:28,0
DA:32,0
DA:45,1
DA:46,0
DA:49,0
DA:56,1
DA:57,0
DA:64,0
DA:68,0
DA:72,0
DA:79,1
DA:80,0
DA:84,0
DA:85,0
DA:87,0
DA:94,1
DA:95,0
DA:103,0
DA:107,0
DA:111,0
DA:118,1
DA:119,0
DA:126,0
DA:130,0
DA:134,0
DA:141,1
DA:142,0
DA:149,0
DA:153,0
DA:160,1
DA:161,0
DA:168,0
DA:172,0
DA:179,1
DA:180,0
DA:183,0
DA:190,1
DA:191,0
DA:199,0
LF:43
LH:10
BRDA:84,0,0,0
BRF:1
BRH:0
end_of_record
TN:
SF:src\errors\handlers\ErrorHandler.ts
FN:21,(anonymous_0)
FN:37,(anonymous_1)
FN:62,(anonymous_2)
FN:68,(anonymous_3)
FN:74,(anonymous_4)
FN:79,(anonymous_5)
FN:107,(anonymous_6)
FN:118,(anonymous_7)
FN:128,(anonymous_8)
FN:130,(anonymous_9)
FN:131,(anonymous_10)
FN:160,(anonymous_11)
FN:166,(anonymous_12)
FN:167,(anonymous_13)
FNF:14
FNH:0
FNDA:0,(anonymous_0)
FNDA:0,(anonymous_1)
FNDA:0,(anonymous_2)
FNDA:0,(anonymous_3)
FNDA:0,(anonymous_4)
FNDA:0,(anonymous_5)
FNDA:0,(anonymous_6)
FNDA:0,(anonymous_7)
FNDA:0,(anonymous_8)
FNDA:0,(anonymous_9)
FNDA:0,(anonymous_10)
FNDA:0,(anonymous_11)
FNDA:0,(anonymous_12)
FNDA:0,(anonymous_13)
DA:3,1
DA:4,1
DA:13,1
DA:14,0
DA:22,0
DA:25,0
DA:26,0
DA:27,0
DA:28,0
DA:29,0
DA:30,0
DA:32,0
DA:33,0
DA:38,0
DA:39,0
DA:41,0
DA:42,0
DA:43,0
DA:44,0
DA:46,0
DA:47,0
DA:50,0
DA:53,0
DA:55,0
DA:58,0
DA:63,0
DA:64,0
DA:65,0
DA:69,0
DA:70,0
DA:75,0
DA:76,0
DA:80,0
DA:82,0
DA:83,0
DA:85,0
DA:86,0
DA:87,0
DA:88,0
DA:89,0
DA:90,0
DA:94,0
DA:95,0
DA:98,0
DA:101,0
DA:102,0
DA:103,0
DA:108,0
DA:110,0
DA:111,0
DA:114,0
DA:115,0
DA:119,0
DA:120,0
DA:122,0
DA:123,0
DA:124,0
DA:129,0
DA:130,0
DA:132,0
DA:134,0
DA:136,0
DA:137,0
DA:138,0
DA:139,0
DA:144,0
DA:146,0
DA:147,0
DA:149,0
DA:150,0
DA:153,0
DA:154,0
DA:161,0
DA:162,0
DA:165,0
DA:166,0
DA:168,0
DA:169,0
DA:171,0
DA:180,0
DA:181,0
DA:187,0
LF:82
LH:3
BRDA:23,0,0,0
BRDA:26,1,0,0
BRDA:26,1,1,0
BRDA:27,2,0,0
BRDA:27,2,1,0
BRDA:28,3,0,0
BRDA:28,3,1,0
BRDA:30,4,0,0
BRDA:30,4,1,0
BRDA:32,5,0,0
BRDA:42,6,0,0
BRDA:42,7,0,0
BRDA:42,7,1,0
BRDA:46,8,0,0
BRDA:56,9,0,0
BRDA:56,9,1,0
BRDA:69,10,0,0
BRDA:79,11,0,0
BRDA:87,12,0,0
BRDA:94,13,0,0
BRDA:101,14,0,0
BRDA:101,15,0,0
BRDA:101,15,1,0
BRDA:110,16,0,0
BRDA:123,17,0,0
BRDA:123,17,1,0
BRDA:134,18,0,0
BRDA:134,18,1,0
BRDA:134,18,2,0
BRDA:137,19,0,0
BRDA:138,20,0,0
BRDA:153,21,0,0
BRDA:153,22,0,0
BRDA:153,22,1,0
BRDA:161,23,0,0
BRDA:188,24,0,0
BRDA:188,24,1,0
BRF:37
BRH:0
end_of_record
TN:
SF:src\errors\utils\ErrorUtils.ts
FN:19,(anonymous_0)
FN:27,(anonymous_1)
FN:32,(anonymous_2)
FN:37,(anonymous_3)
FN:43,(anonymous_4)
FN:48,(anonymous_5)
FN:63,(anonymous_6)
FN:65,(anonymous_7)
FN:66,(anonymous_8)
FN:81,(anonymous_9)
FN:90,(anonymous_10)
FN:100,(anonymous_11)
FN:134,(anonymous_12)
FN:149,(anonymous_13)
FN:166,(anonymous_14)
FNF:15
FNH:0
FNDA:0,(anonymous_0)
FNDA:0,(anonymous_1)
FNDA:0,(anonymous_2)
FNDA:0,(anonymous_3)
FNDA:0,(anonymous_4)
FNDA:0,(anonymous_5)
FNDA:0,(anonymous_6)
FNDA:0,(anonymous_7)
FNDA:0,(anonymous_8)
FNDA:0,(anonymous_9)
FNDA:0,(anonymous_10)
FNDA:0,(anonymous_11)
FNDA:0,(anonymous_12)
FNDA:0,(anonymous_13)
FNDA:0,(anonymous_14)
DA:7,1
DA:13,1
DA:16,1
DA:20,0
DA:23,0
DA:24,0
DA:28,0
DA:29,0
DA:33,0
DA:34,0
DA:38,0
DA:39,0
DA:44,0
DA:45,0
DA:49,0
DA:50,0
DA:53,0
DA:54,0
DA:56,0
DA:57,0
DA:60,0
DA:64,0
DA:65,0
DA:67,0
DA:68,0
DA:70,0
DA:71,0
DA:73,0
DA:74,0
DA:76,0
DA:82,0
DA:83,0
DA:86,0
DA:87,0
DA:90,0
DA:91,0
DA:92,0
DA:95,0
DA:96,0
DA:97,0
DA:101,0
DA:109,0
DA:110,0
DA:119,0
DA:120,0
DA:128,0
DA:138,0
DA:140,0
DA:141,0
DA:142,0
DA:146,0
DA:150,0
DA:155,0
DA:156,0
DA:159,0
DA:160,0
DA:163,0
DA:167,0
DA:168,0
DA:171,0
DA:172,0
DA:175,0
LF:62
LH:3
BRDA:21,0,0,0
BRDA:24,1,0,0
BRDA:24,1,1,0
BRDA:38,2,0,0
BRDA:49,3,0,0
BRDA:53,4,0,0
BRDA:53,4,1,0
BRDA:56,5,0,0
BRDA:67,6,0,0
BRDA:70,7,0,0
BRDA:73,8,0,0
BRDA:73,9,0,0
BRDA:73,9,1,0
BRDA:82,10,0,0
BRDA:86,11,0,0
BRDA:91,12,0,0
BRDA:91,12,1,0
BRDA:92,13,0,0
BRDA:92,13,1,0
BRDA:109,14,0,0
BRDA:119,15,0,0
BRDA:138,16,0,0
BRDA:138,16,1,0
BRDA:141,17,0,0
BRDA:155,18,0,0
BRDA:155,19,0,0
BRDA:155,19,1,0
BRDA:159,20,0,0
BRDA:159,21,0,0
BRDA:159,21,1,0
BRDA:167,22,0,0
BRDA:171,23,0,0
BRF:32
BRH:0
end_of_record
TN:
SF:src\types\index.ts
FNF:0
FNH:0
DA:1,1
DA:2,1
DA:3,1
DA:4,1
DA:5,1
DA:6,1
DA:7,1
DA:8,1
DA:9,1
LF:9
LH:9
BRF:0
BRH:0
end_of_record
TN:
SF:src\types\services.ts
FN:52,(anonymous_0)
FN:55,(anonymous_1)
FN:59,(anonymous_2)
FN:63,(anonymous_3)
FNF:4
FNH:0
FNDA:0,(anonymous_0)
FNDA:0,(anonymous_1)
FNDA:0,(anonymous_2)
FNDA:0,(anonymous_3)
DA:52,1
DA:53,0
DA:56,0
DA:60,0
DA:64,0
DA:65,0
LF:6
LH:1
BRDA:64,0,0,0
BRF:1
BRH:0
end_of_record
TN:
SF:src\utils\index.ts
FNF:0
FNH:0
DA:1,1
DA:2,1
DA:3,1
LF:3
LH:3
BRF:0
BRH:0
end_of_record
TN:
SF:src\utils\filesystem\FileSystem.ts
FN:17,(anonymous_1)
FN:25,(anonymous_2)
FN:30,(anonymous_3)
FN:35,(anonymous_4)
FN:41,(anonymous_5)
FN:56,(anonymous_6)
FN:67,(anonymous_7)
FN:80,(anonymous_8)
FN:97,(anonymous_9)
FN:101,(anonymous_10)
FN:110,(anonymous_11)
FN:119,(anonymous_12)
FN:132,(anonymous_13)
FN:147,(anonymous_14)
FN:156,(anonymous_15)
FN:168,(anonymous_16)
FN:172,(anonymous_17)
FN:176,(anonymous_18)
FN:180,(anonymous_19)
FN:184,(anonymous_20)
FN:188,(anonymous_21)
FN:192,(anonymous_22)
FN:197,(anonymous_23)
FN:201,(anonymous_24)
FN:205,(anonymous_25)
FN:209,(anonymous_26)
FNF:26
FNH:0
FNDA:0,(anonymous_1)
FNDA:0,(anonymous_2)
FNDA:0,(anonymous_3)
FNDA:0,(anonymous_4)
FNDA:0,(anonymous_5)
FNDA:0,(anonymous_6)
FNDA:0,(anonymous_7)
FNDA:0,(anonymous_8)
FNDA:0,(anonymous_9)
FNDA:0,(anonymous_10)
FNDA:0,(anonymous_11)
FNDA:0,(anonymous_12)
FNDA:0,(anonymous_13)
FNDA:0,(anonymous_14)
FNDA:0,(anonymous_15)
FNDA:0,(anonymous_16)
FNDA:0,(anonymous_17)
FNDA:0,(anonymous_18)
FNDA:0,(anonymous_19)
FNDA:0,(anonymous_20)
FNDA:0,(anonymous_21)
FNDA:0,(anonymous_22)
FNDA:0,(anonymous_23)
FNDA:0,(anonymous_24)
FNDA:0,(anonymous_25)
FNDA:0,(anonymous_26)
DA:3,1
DA:4,1
DA:5,1
DA:12,1
DA:14,1
DA:18,0
DA:21,0
DA:22,0
DA:26,0
DA:27,0
DA:31,0
DA:32,0
DA:36,0
DA:37,0
DA:46,0
DA:47,0
DA:52,0
DA:53,0
DA:57,0
DA:58,0
DA:59,0
DA:63,0
DA:71,0
DA:72,0
DA:73,0
DA:74,0
DA:76,0
DA:85,0
DA:86,0
DA:87,0
DA:88,0
DA:89,0
DA:91,0
DA:93,0
DA:98,0
DA:102,0
DA:103,0
DA:104,0
DA:106,0
DA:111,0
DA:112,0
DA:113,0
DA:115,0
DA:123,0
DA:124,0
DA:125,0
DA:126,0
DA:128,0
DA:137,0
DA:138,0
DA:139,0
DA:140,0
DA:141,0
DA:143,0
DA:148,0
DA:149,0
DA:150,0
DA:152,0
DA:160,0
DA:161,0
DA:162,0
DA:164,0
DA:169,0
DA:173,0
DA:177,0
DA:181,0
DA:185,0
DA:189,0
DA:193,0
DA:198,0
DA:202,0
DA:206,0
DA:210,0
DA:211,0
DA:212,0
DA:213,0
DA:216,0
DA:217,0
DA:218,0
DA:219,0
LF:80
LH:5
BRDA:19,0,0,0
BRDA:22,1,0,0
BRDA:22,1,1,0
BRDA:36,2,0,0
BRDA:46,3,0,0
BRDA:46,3,1,0
BRDA:69,4,0,0
BRDA:88,5,0,0
BRDA:126,6,0,0
BRDA:126,6,1,0
BRDA:158,7,0,0
BRDA:209,8,0,0
BRDA:210,9,0,0
BRDA:216,10,0,0
BRDA:216,11,0,0
BRDA:216,11,1,0
BRF:16
BRH:0
end_of_record
TN:
SF:src\utils\filesystem\index.ts
FNF:0
FNH:0
DA:2,1
DA:3,1
LF:2
LH:2
BRF:0
BRH:0
end_of_record
TN:
SF:src\utils\logging\Logger.ts
FN:18,(anonymous_0)
FN:39,(anonymous_1)
FN:46,(anonymous_2)
FN:53,(anonymous_3)
FN:57,(anonymous_4)
FN:63,(anonymous_5)
FN:70,(anonymous_6)
FN:78,(anonymous_7)
FN:86,(anonymous_8)
FN:94,(anonymous_9)
FN:102,(anonymous_10)
FN:110,(anonymous_11)
FN:118,(anonymous_12)
FN:121,(anonymous_13)
FN:130,(anonymous_14)
FN:134,(anonymous_15)
FNF:16
FNH:0
FNDA:0,(anonymous_0)
FNDA:0,(anonymous_1)
FNDA:0,(anonymous_2)
FNDA:0,(anonymous_3)
FNDA:0,(anonymous_4)
FNDA:0,(anonymous_5)
FNDA:0,(anonymous_6)
FNDA:0,(anonymous_7)
FNDA:0,(anonymous_8)
FNDA:0,(anonymous_9)
FNDA:0,(anonymous_10)
FNDA:0,(anonymous_11)
FNDA:0,(anonymous_12)
FNDA:0,(anonymous_13)
FNDA:0,(anonymous_14)
FNDA:0,(anonymous_15)
DA:3,1
DA:12,1
DA:19,0
DA:22,0
DA:23,0
DA:34,0
DA:35,0
DA:36,0
DA:40,0
DA:41,0
DA:42,0
DA:47,0
DA:48,0
DA:50,0
DA:54,0
DA:58,0
DA:59,0
DA:60,0
DA:64,0
DA:65,0
DA:66,0
DA:67,0
DA:71,0
DA:72,0
DA:75,0
DA:79,0
DA:80,0
DA:83,0
DA:87,0
DA:88,0
DA:91,0
DA:95,0
DA:96,0
DA:99,0
DA:103,0
DA:104,0
DA:107,0
DA:111,0
DA:112,0
DA:113,0
DA:119,0
DA:120,0
DA:121,0
DA:122,0
DA:131,0
DA:135,0
LF:46
LH:2
BRDA:20,0,0,0
BRDA:34,1,0,0
BRDA:34,1,1,0
BRDA:35,2,0,0
BRDA:35,2,1,0
BRDA:36,3,0,0
BRDA:36,3,1,0
BRDA:41,4,0,0
BRDA:47,5,0,0
BRDA:58,6,0,0
BRDA:71,7,0,0
BRDA:79,8,0,0
BRDA:87,9,0,0
BRDA:95,10,0,0
BRDA:103,11,0,0
BRDA:103,12,0,0
BRDA:103,12,1,0
BRDA:111,13,0,0
BRDA:119,14,0,0
BRF:19
BRH:0
end_of_record
TN:
SF:src\utils\logging\index.ts
FNF:0
FNH:0
DA:3,1
DA:4,1
LF:2
LH:2
BRF:0
BRH:0
end_of_record
TN:
SF:src\utils\validation\Validator.ts
FN:20,(anonymous_0)
FN:28,(anonymous_1)
FN:33,(anonymous_2)
FN:38,(anonymous_3)
FN:44,(anonymous_4)
FN:54,(anonymous_5)
FN:126,(anonymous_6)
FN:158,(anonymous_7)
FN:180,(anonymous_8)
FN:202,(anonymous_9)
FN:213,(anonymous_10)
FN:221,(anonymous_11)
FN:232,(anonymous_12)
FN:258,(anonymous_13)
FN:279,(anonymous_14)
FN:283,(anonymous_15)
FN:287,(anonymous_16)
FN:291,(anonymous_17)
FN:295,(anonymous_18)
FN:299,(anonymous_19)
FN:304,(anonymous_20)
FN:315,(anonymous_21)
FN:326,(anonymous_22)
FN:342,(anonymous_23)
FN:349,(anonymous_24)
FN:361,(anonymous_25)
FNF:26
FNH:0
FNDA:0,(anonymous_0)
FNDA:0,(anonymous_1)
FNDA:0,(anonymous_2)
FNDA:0,(anonymous_3)
FNDA:0,(anonymous_4)
FNDA:0,(anonymous_5)
FNDA:0,(anonymous_6)
FNDA:0,(anonymous_7)
FNDA:0,(anonymous_8)
FNDA:0,(anonymous_9)
FNDA:0,(anonymous_10)
FNDA:0,(anonymous_11)
FNDA:0,(anonymous_12)
FNDA:0,(anonymous_13)
FNDA:0,(anonymous_14)
FNDA:0,(anonymous_15)
FNDA:0,(anonymous_16)
FNDA:0,(anonymous_17)
FNDA:0,(anonymous_18)
FNDA:0,(anonymous_19)
FNDA:0,(anonymous_20)
FNDA:0,(anonymous_21)
FNDA:0,(anonymous_22)
FNDA:0,(anonymous_23)
FNDA:0,(anonymous_24)
FNDA:0,(anonymous_25)
DA:3,1
DA:12,1
DA:14,1
DA:21,0
DA:24,0
DA:25,0
DA:29,0
DA:30,0
DA:34,0
DA:35,0
DA:39,0
DA:40,0
DA:49,0
DA:50,0
DA:51,0
DA:59,0
DA:60,0
DA:62,0
DA:68,0
DA:70,0
DA:71,0
DA:72,0
DA:73,0
DA:75,0
DA:79,0
DA:80,0
DA:83,0
DA:84,0
DA:88,0
DA:89,0
DA:91,0
DA:92,0
DA:94,0
DA:95,0
DA:97,0
DA:98,0
DA:102,0
DA:103,0
DA:111,0
DA:114,0
DA:115,0
DA:120,0
DA:123,0
DA:132,0
DA:133,0
DA:134,0
DA:135,0
DA:138,0
DA:139,0
DA:142,0
DA:145,0
DA:146,0
DA:149,0
DA:152,0
DA:153,0
DA:154,0
DA:164,0
DA:165,0
DA:166,0
DA:169,0
DA:170,0
DA:171,0
DA:174,0
DA:175,0
DA:176,0
DA:186,0
DA:187,0
DA:190,0
DA:193,0
DA:194,0
DA:197,0
DA:200,0
DA:201,0
DA:202,0
DA:204,0
DA:205,0
DA:208,0
DA:219,0
DA:220,0
DA:221,0
DA:223,0
DA:224,0
DA:227,0
DA:233,0
DA:234,0
DA:238,0
DA:239,0
DA:240,0
DA:247,0
DA:248,0
DA:255,0
DA:264,0
DA:265,0
DA:266,0
DA:267,0
DA:268,0
DA:271,0
DA:274,0
DA:280,0
DA:284,0
DA:288,0
DA:292,0
DA:296,0
DA:300,0
DA:308,0
DA:309,0
DA:310,0
DA:312,0
DA:320,0
DA:321,0
DA:322,0
DA:332,0
DA:337,0
DA:338,0
DA:347,0
DA:349,0
DA:351,0
DA:352,0
DA:358,0
DA:366,0
DA:370,0
DA:371,0
LF:122
LH:3
BRDA:22,0,0,0
BRDA:25,1,0,0
BRDA:25,1,1,0
BRDA:39,2,0,0
BRDA:57,3,0,0
BRDA:70,4,0,0
BRDA:70,5,0,0
BRDA:70,5,1,0
BRDA:71,6,0,0
BRDA:79,7,0,0
BRDA:79,8,0,0
BRDA:79,8,1,0
BRDA:88,9,0,0
BRDA:91,10,0,0
BRDA:94,11,0,0
BRDA:97,12,0,0
BRDA:102,13,0,0
BRDA:112,14,0,0
BRDA:112,14,1,0
BRDA:116,15,0,0
BRDA:116,15,1,0
BRDA:121,16,0,0
BRDA:121,16,1,0
BRDA:132,17,0,0
BRDA:132,18,0,0
BRDA:132,18,1,0
BRDA:138,19,0,0
BRDA:138,20,0,0
BRDA:138,20,1,0
BRDA:145,21,0,0
BRDA:145,22,0,0
BRDA:145,22,1,0
BRDA:152,23,0,0
BRDA:152,24,0,0
BRDA:152,24,1,0
BRDA:164,25,0,0
BRDA:164,26,0,0
BRDA:164,26,1,0
BRDA:169,27,0,0
BRDA:169,28,0,0
BRDA:169,28,1,0
BRDA:174,29,0,0
BRDA:174,30,0,0
BRDA:174,30,1,0
BRDA:186,31,0,0
BRDA:186,32,0,0
BRDA:186,32,1,0
BRDA:193,33,0,0
BRDA:193,34,0,0
BRDA:193,34,1,0
BRDA:200,35,0,0
BRDA:204,36,0,0
BRDA:219,37,0,0
BRDA:223,38,0,0
BRDA:233,39,0,0
BRDA:233,40,0,0
BRDA:233,40,1,0
BRDA:239,41,0,0
BRDA:247,42,0,0
BRDA:247,43,0,0
BRDA:247,43,1,0
BRDA:266,44,0,0
BRDA:272,45,0,0
BRDA:272,45,1,0
BRDA:284,46,0,0
BRDA:284,46,1,0
BRDA:292,47,0,0
BRDA:292,47,1,0
BRDA:292,47,2,0
BRDA:300,48,0,0
BRDA:300,48,1,0
BRDA:309,49,0,0
BRDA:321,50,0,0
BRDA:337,51,0,0
BRDA:351,52,0,0
BRDA:370,53,0,0
BRF:76
BRH:0
end_of_record
TN:
SF:src\utils\validation\index.ts
FNF:0
FNH:0
DA:2,1
DA:3,1
LF:2
LH:2
BRF:0
BRH:0
end_of_record
